mode: set
leonel/prototype_b/pkg/endpoints/endpoints.go:14.83,15.76 1 1
leonel/prototype_b/pkg/endpoints/endpoints.go:15.76,19.16 2 1
leonel/prototype_b/pkg/endpoints/endpoints.go:23.3,23.57 1 1
leonel/prototype_b/pkg/endpoints/endpoints.go:19.16,21.4 1 1
leonel/prototype_b/pkg/endpoints/endpoints.go:27.82,28.76 1 1
leonel/prototype_b/pkg/endpoints/endpoints.go:28.76,33.16 3 1
leonel/prototype_b/pkg/endpoints/endpoints.go:37.3,37.55 1 1
leonel/prototype_b/pkg/endpoints/endpoints.go:33.16,35.4 1 1
leonel/prototype_b/pkg/endpoints/endpoints.go:41.86,42.76 1 1
leonel/prototype_b/pkg/endpoints/endpoints.go:42.76,48.16 3 1
leonel/prototype_b/pkg/endpoints/endpoints.go:52.3,54.16 2 1
leonel/prototype_b/pkg/endpoints/endpoints.go:58.3,58.58 1 1
leonel/prototype_b/pkg/endpoints/endpoints.go:48.16,50.4 1 1
leonel/prototype_b/pkg/endpoints/endpoints.go:54.16,56.4 1 1
leonel/prototype_b/pkg/endpoints/endpoints.go:62.89,63.76 1 1
leonel/prototype_b/pkg/endpoints/endpoints.go:63.76,69.16 3 1
leonel/prototype_b/pkg/endpoints/endpoints.go:73.3,75.16 2 1
leonel/prototype_b/pkg/endpoints/endpoints.go:79.3,79.64 1 1
leonel/prototype_b/pkg/endpoints/endpoints.go:69.16,71.4 1 1
leonel/prototype_b/pkg/endpoints/endpoints.go:75.16,77.4 1 1
leonel/prototype_b/pkg/endpoints/endpoints.go:83.85,84.77 1 1
leonel/prototype_b/pkg/endpoints/endpoints.go:84.77,89.16 3 1
leonel/prototype_b/pkg/endpoints/endpoints.go:93.3,95.16 2 1
leonel/prototype_b/pkg/endpoints/endpoints.go:99.3,99.57 1 1
leonel/prototype_b/pkg/endpoints/endpoints.go:89.16,91.4 1 1
leonel/prototype_b/pkg/endpoints/endpoints.go:95.16,97.4 1 1
leonel/prototype_b/pkg/endpoints/endpoints.go:103.83,104.77 1 1
leonel/prototype_b/pkg/endpoints/endpoints.go:104.77,109.16 3 1
leonel/prototype_b/pkg/endpoints/endpoints.go:113.3,115.16 2 1
leonel/prototype_b/pkg/endpoints/endpoints.go:119.3,119.51 1 1
leonel/prototype_b/pkg/endpoints/endpoints.go:109.16,111.4 1 1
leonel/prototype_b/pkg/endpoints/endpoints.go:115.16,117.4 1 1
leonel/prototype_b/pkg/endpoints/endpoints.go:124.85,125.77 1 1
leonel/prototype_b/pkg/endpoints/endpoints.go:125.77,132.3 3 1
leonel/prototype_b/pkg/endpoints/endpoints.go:135.80,136.77 1 1
leonel/prototype_b/pkg/endpoints/endpoints.go:136.77,140.17 2 1
leonel/prototype_b/pkg/endpoints/endpoints.go:144.3,144.46 1 1
leonel/prototype_b/pkg/endpoints/endpoints.go:140.17,142.4 1 1
leonel/prototype_b/pkg/services/services.go:37.87,53.2 7 1
leonel/prototype_b/pkg/services/services.go:55.90,61.37 3 1
leonel/prototype_b/pkg/services/services.go:66.2,66.25 1 1
leonel/prototype_b/pkg/services/services.go:61.37,64.3 2 1
leonel/prototype_b/pkg/services/services.go:69.55,72.15 2 1
leonel/prototype_b/pkg/services/services.go:76.2,76.61 1 1
leonel/prototype_b/pkg/services/services.go:72.15,74.3 1 1
leonel/prototype_b/pkg/services/services.go:79.80,83.15 2 1
leonel/prototype_b/pkg/services/services.go:87.2,87.22 1 1
leonel/prototype_b/pkg/services/services.go:83.15,85.3 1 1
leonel/prototype_b/pkg/services/services.go:90.65,94.15 2 1
leonel/prototype_b/pkg/services/services.go:98.2,98.23 1 1
leonel/prototype_b/pkg/services/services.go:94.15,96.3 1 0
leonel/prototype_b/pkg/services/services.go:101.84,105.15 2 1
leonel/prototype_b/pkg/services/services.go:109.2,109.23 1 1
leonel/prototype_b/pkg/services/services.go:105.15,107.3 1 1
leonel/prototype_b/pkg/services/services.go:112.95,116.16 2 1
leonel/prototype_b/pkg/services/services.go:120.2,120.22 1 1
leonel/prototype_b/pkg/services/services.go:116.16,118.3 1 1
leonel/prototype_b/pkg/services/services.go:123.119,127.15 2 1
leonel/prototype_b/pkg/services/services.go:131.2,131.30 1 1
leonel/prototype_b/pkg/services/services.go:127.15,129.3 1 1
leonel/prototype_b/pkg/services/services.go:134.99,138.15 2 1
leonel/prototype_b/pkg/services/services.go:142.2,142.20 1 1
leonel/prototype_b/pkg/services/services.go:138.15,140.3 1 1
leonel/prototype_b/pkg/services/services.go:145.63,149.16 2 1
leonel/prototype_b/pkg/services/services.go:153.2,153.12 1 1
leonel/prototype_b/pkg/services/services.go:149.16,151.3 1 1
leonel/prototype_b/pkg/services/services.go:156.57,160.16 2 1
leonel/prototype_b/pkg/services/services.go:164.2,164.19 1 1
leonel/prototype_b/pkg/services/services.go:160.16,162.3 1 1
leonel/prototype_b/pkg/transport/transport.go:20.67,85.2 11 0
leonel/prototype_b/pkg/transport/transport.go:87.88,89.2 1 1
leonel/prototype_b/pkg/transport/transport.go:91.89,95.61 2 1
leonel/prototype_b/pkg/transport/transport.go:99.2,99.17 1 1
leonel/prototype_b/pkg/transport/transport.go:95.61,97.3 1 1
leonel/prototype_b/pkg/transport/transport.go:102.87,107.21 3 1
leonel/prototype_b/pkg/transport/transport.go:111.2,111.62 1 1
leonel/prototype_b/pkg/transport/transport.go:107.21,109.3 1 1
leonel/prototype_b/pkg/transport/transport.go:114.94,119.22 3 1
leonel/prototype_b/pkg/transport/transport.go:123.2,123.64 1 1
leonel/prototype_b/pkg/transport/transport.go:119.22,121.3 1 1
leonel/prototype_b/pkg/transport/transport.go:126.89,130.21 3 1
leonel/prototype_b/pkg/transport/transport.go:134.2,136.61 2 1
leonel/prototype_b/pkg/transport/transport.go:140.2,140.105 1 1
leonel/prototype_b/pkg/transport/transport.go:130.21,132.3 1 1
leonel/prototype_b/pkg/transport/transport.go:136.61,138.3 1 1
leonel/prototype_b/pkg/transport/transport.go:143.89,147.21 3 1
leonel/prototype_b/pkg/transport/transport.go:151.2,153.61 2 1
leonel/prototype_b/pkg/transport/transport.go:157.2,157.110 1 1
leonel/prototype_b/pkg/transport/transport.go:147.21,149.3 1 1
leonel/prototype_b/pkg/transport/transport.go:153.61,155.3 1 1
leonel/prototype_b/pkg/transport/transport.go:160.91,165.21 3 1
leonel/prototype_b/pkg/transport/transport.go:169.2,169.64 1 1
leonel/prototype_b/pkg/transport/transport.go:165.21,167.3 1 1
leonel/prototype_b/pkg/transport/transport.go:172.85,174.2 1 1
leonel/prototype_b/pkg/transport/transport.go:176.90,181.2 2 1
leonel/prototype_b/pkg/transport/transport.go:183.71,185.15 1 1
leonel/prototype_b/pkg/transport/transport.go:189.2,193.8 3 1
leonel/prototype_b/pkg/transport/transport.go:221.2,221.40 1 1
leonel/prototype_b/pkg/transport/transport.go:185.15,186.28 1 0
leonel/prototype_b/pkg/transport/transport.go:193.8,207.3 4 1
leonel/prototype_b/pkg/transport/transport.go:207.8,208.13 1 1
leonel/prototype_b/pkg/transport/transport.go:209.26,210.46 1 1
leonel/prototype_b/pkg/transport/transport.go:211.25,212.45 1 1
leonel/prototype_b/pkg/transport/transport.go:213.26,214.46 1 1
leonel/prototype_b/pkg/transport/transport.go:215.11,217.10 2 1
