mode: set
leonel/prototype_b/pkg/transport/transport.go:20.67,85.2 11 0
leonel/prototype_b/pkg/transport/transport.go:87.88,89.2 1 1
leonel/prototype_b/pkg/transport/transport.go:91.89,95.61 2 1
leonel/prototype_b/pkg/transport/transport.go:99.2,99.17 1 1
leonel/prototype_b/pkg/transport/transport.go:95.61,97.3 1 1
leonel/prototype_b/pkg/transport/transport.go:102.87,107.21 3 1
leonel/prototype_b/pkg/transport/transport.go:111.2,111.62 1 1
leonel/prototype_b/pkg/transport/transport.go:107.21,109.3 1 1
leonel/prototype_b/pkg/transport/transport.go:114.94,119.22 3 1
leonel/prototype_b/pkg/transport/transport.go:123.2,123.64 1 1
leonel/prototype_b/pkg/transport/transport.go:119.22,121.3 1 1
leonel/prototype_b/pkg/transport/transport.go:126.89,130.21 3 1
leonel/prototype_b/pkg/transport/transport.go:134.2,136.61 2 1
leonel/prototype_b/pkg/transport/transport.go:140.2,140.105 1 1
leonel/prototype_b/pkg/transport/transport.go:130.21,132.3 1 1
leonel/prototype_b/pkg/transport/transport.go:136.61,138.3 1 1
leonel/prototype_b/pkg/transport/transport.go:143.89,147.21 3 1
leonel/prototype_b/pkg/transport/transport.go:151.2,153.61 2 1
leonel/prototype_b/pkg/transport/transport.go:157.2,157.110 1 1
leonel/prototype_b/pkg/transport/transport.go:147.21,149.3 1 1
leonel/prototype_b/pkg/transport/transport.go:153.61,155.3 1 1
leonel/prototype_b/pkg/transport/transport.go:160.91,165.21 3 1
leonel/prototype_b/pkg/transport/transport.go:169.2,169.64 1 1
leonel/prototype_b/pkg/transport/transport.go:165.21,167.3 1 1
leonel/prototype_b/pkg/transport/transport.go:172.85,174.2 1 1
leonel/prototype_b/pkg/transport/transport.go:176.90,181.2 2 1
leonel/prototype_b/pkg/transport/transport.go:183.71,185.15 1 1
leonel/prototype_b/pkg/transport/transport.go:189.2,193.8 3 1
leonel/prototype_b/pkg/transport/transport.go:221.2,221.40 1 1
leonel/prototype_b/pkg/transport/transport.go:185.15,186.28 1 0
leonel/prototype_b/pkg/transport/transport.go:193.8,207.3 4 1
leonel/prototype_b/pkg/transport/transport.go:207.8,208.13 1 1
leonel/prototype_b/pkg/transport/transport.go:209.26,210.46 1 1
leonel/prototype_b/pkg/transport/transport.go:211.25,212.45 1 1
leonel/prototype_b/pkg/transport/transport.go:213.26,214.46 1 1
leonel/prototype_b/pkg/transport/transport.go:215.11,217.10 2 1
