mode: set
leonel/prototype_b/pkg/endpoints/endpoints.go:14.83,15.76 1 1
leonel/prototype_b/pkg/endpoints/endpoints.go:15.76,19.16 2 1
leonel/prototype_b/pkg/endpoints/endpoints.go:23.3,23.57 1 1
leonel/prototype_b/pkg/endpoints/endpoints.go:19.16,21.4 1 1
leonel/prototype_b/pkg/endpoints/endpoints.go:27.82,28.76 1 1
leonel/prototype_b/pkg/endpoints/endpoints.go:28.76,33.16 3 1
leonel/prototype_b/pkg/endpoints/endpoints.go:37.3,37.55 1 1
leonel/prototype_b/pkg/endpoints/endpoints.go:33.16,35.4 1 1
leonel/prototype_b/pkg/endpoints/endpoints.go:41.86,42.76 1 1
leonel/prototype_b/pkg/endpoints/endpoints.go:42.76,48.16 3 1
leonel/prototype_b/pkg/endpoints/endpoints.go:52.3,54.16 2 1
leonel/prototype_b/pkg/endpoints/endpoints.go:58.3,58.58 1 1
leonel/prototype_b/pkg/endpoints/endpoints.go:48.16,50.4 1 1
leonel/prototype_b/pkg/endpoints/endpoints.go:54.16,56.4 1 1
leonel/prototype_b/pkg/endpoints/endpoints.go:62.89,63.76 1 1
leonel/prototype_b/pkg/endpoints/endpoints.go:63.76,69.16 3 1
leonel/prototype_b/pkg/endpoints/endpoints.go:73.3,75.16 2 1
leonel/prototype_b/pkg/endpoints/endpoints.go:79.3,79.64 1 1
leonel/prototype_b/pkg/endpoints/endpoints.go:69.16,71.4 1 1
leonel/prototype_b/pkg/endpoints/endpoints.go:75.16,77.4 1 1
leonel/prototype_b/pkg/endpoints/endpoints.go:83.85,84.77 1 1
leonel/prototype_b/pkg/endpoints/endpoints.go:84.77,89.16 3 1
leonel/prototype_b/pkg/endpoints/endpoints.go:93.3,95.16 2 1
leonel/prototype_b/pkg/endpoints/endpoints.go:99.3,99.57 1 1
leonel/prototype_b/pkg/endpoints/endpoints.go:89.16,91.4 1 1
leonel/prototype_b/pkg/endpoints/endpoints.go:95.16,97.4 1 1
leonel/prototype_b/pkg/endpoints/endpoints.go:103.83,104.77 1 1
leonel/prototype_b/pkg/endpoints/endpoints.go:104.77,109.16 3 1
leonel/prototype_b/pkg/endpoints/endpoints.go:113.3,115.16 2 1
leonel/prototype_b/pkg/endpoints/endpoints.go:119.3,119.51 1 1
leonel/prototype_b/pkg/endpoints/endpoints.go:109.16,111.4 1 1
leonel/prototype_b/pkg/endpoints/endpoints.go:115.16,117.4 1 1
leonel/prototype_b/pkg/endpoints/endpoints.go:124.85,125.77 1 1
leonel/prototype_b/pkg/endpoints/endpoints.go:125.77,132.3 3 1
leonel/prototype_b/pkg/endpoints/endpoints.go:135.80,136.77 1 1
leonel/prototype_b/pkg/endpoints/endpoints.go:136.77,140.17 2 1
leonel/prototype_b/pkg/endpoints/endpoints.go:144.3,144.46 1 1
leonel/prototype_b/pkg/endpoints/endpoints.go:140.17,142.4 1 1
