mode: set
leonel/prototype_b/pkg/services/logging.go:18.82,20.30 1 1
leonel/prototype_b/pkg/services/logging.go:30.2,32.8 2 1
leonel/prototype_b/pkg/services/logging.go:20.30,28.3 1 1
leonel/prototype_b/pkg/services/logging.go:35.97,36.30 1 1
leonel/prototype_b/pkg/services/logging.go:46.2,48.8 2 1
leonel/prototype_b/pkg/services/logging.go:36.30,44.3 1 1
leonel/prototype_b/pkg/services/logging.go:51.112,52.30 1 1
leonel/prototype_b/pkg/services/logging.go:62.2,64.8 2 1
leonel/prototype_b/pkg/services/logging.go:52.30,60.3 1 1
leonel/prototype_b/pkg/services/logging.go:67.101,68.30 1 1
leonel/prototype_b/pkg/services/logging.go:78.2,80.8 2 1
leonel/prototype_b/pkg/services/logging.go:68.30,76.3 1 1
leonel/prototype_b/pkg/services/logging.go:83.136,84.30 1 1
leonel/prototype_b/pkg/services/logging.go:94.2,96.8 2 1
leonel/prototype_b/pkg/services/logging.go:84.30,92.3 1 1
leonel/prototype_b/pkg/services/logging.go:99.75,100.30 1 1
leonel/prototype_b/pkg/services/logging.go:110.2,112.8 2 1
leonel/prototype_b/pkg/services/logging.go:100.30,108.3 1 1
leonel/prototype_b/pkg/services/logging.go:115.116,116.30 1 1
leonel/prototype_b/pkg/services/logging.go:126.2,128.8 2 1
leonel/prototype_b/pkg/services/logging.go:116.30,124.3 1 1
leonel/prototype_b/pkg/services/logging.go:131.74,132.30 1 1
leonel/prototype_b/pkg/services/logging.go:142.2,144.8 2 1
leonel/prototype_b/pkg/services/logging.go:132.30,140.3 1 1
leonel/prototype_b/pkg/services/logging.go:147.67,148.30 1 1
leonel/prototype_b/pkg/services/logging.go:158.2,160.8 2 1
leonel/prototype_b/pkg/services/logging.go:148.30,156.3 1 1
leonel/prototype_b/pkg/services/services.go:37.87,53.2 7 1
leonel/prototype_b/pkg/services/services.go:55.90,61.37 3 1
leonel/prototype_b/pkg/services/services.go:66.2,66.25 1 1
leonel/prototype_b/pkg/services/services.go:61.37,64.3 2 1
leonel/prototype_b/pkg/services/services.go:69.55,72.15 2 1
leonel/prototype_b/pkg/services/services.go:76.2,76.61 1 1
leonel/prototype_b/pkg/services/services.go:72.15,74.3 1 1
leonel/prototype_b/pkg/services/services.go:79.80,83.15 2 1
leonel/prototype_b/pkg/services/services.go:87.2,87.22 1 1
leonel/prototype_b/pkg/services/services.go:83.15,85.3 1 1
leonel/prototype_b/pkg/services/services.go:90.65,94.15 2 1
leonel/prototype_b/pkg/services/services.go:98.2,98.23 1 1
leonel/prototype_b/pkg/services/services.go:94.15,96.3 1 1
leonel/prototype_b/pkg/services/services.go:101.84,105.15 2 1
leonel/prototype_b/pkg/services/services.go:109.2,109.23 1 1
leonel/prototype_b/pkg/services/services.go:105.15,107.3 1 1
leonel/prototype_b/pkg/services/services.go:112.95,116.16 2 1
leonel/prototype_b/pkg/services/services.go:120.2,120.22 1 1
leonel/prototype_b/pkg/services/services.go:116.16,118.3 1 1
leonel/prototype_b/pkg/services/services.go:123.119,127.15 2 1
leonel/prototype_b/pkg/services/services.go:131.2,131.30 1 1
leonel/prototype_b/pkg/services/services.go:127.15,129.3 1 1
leonel/prototype_b/pkg/services/services.go:134.99,138.15 2 1
leonel/prototype_b/pkg/services/services.go:142.2,142.20 1 1
leonel/prototype_b/pkg/services/services.go:138.15,140.3 1 1
leonel/prototype_b/pkg/services/services.go:145.63,149.16 2 1
leonel/prototype_b/pkg/services/services.go:153.2,153.12 1 1
leonel/prototype_b/pkg/services/services.go:149.16,151.3 1 1
leonel/prototype_b/pkg/services/services.go:156.57,160.16 2 1
leonel/prototype_b/pkg/services/services.go:164.2,164.19 1 1
leonel/prototype_b/pkg/services/services.go:160.16,162.3 1 1
