mode: set
leonel/prototype_b/pkg/services/services.go:37.87,53.2 7 1
leonel/prototype_b/pkg/services/services.go:55.90,59.16 2 0
leonel/prototype_b/pkg/services/services.go:63.2,65.37 2 0
leonel/prototype_b/pkg/services/services.go:70.2,70.25 1 0
leonel/prototype_b/pkg/services/services.go:59.16,61.3 1 0
leonel/prototype_b/pkg/services/services.go:65.37,68.3 2 0
leonel/prototype_b/pkg/services/services.go:73.55,76.15 2 0
leonel/prototype_b/pkg/services/services.go:80.2,80.61 1 0
leonel/prototype_b/pkg/services/services.go:76.15,78.3 1 0
leonel/prototype_b/pkg/services/services.go:83.80,87.15 2 1
leonel/prototype_b/pkg/services/services.go:91.2,91.22 1 1
leonel/prototype_b/pkg/services/services.go:87.15,89.3 1 1
leonel/prototype_b/pkg/services/services.go:94.65,98.15 2 1
leonel/prototype_b/pkg/services/services.go:102.2,102.23 1 1
leonel/prototype_b/pkg/services/services.go:98.15,100.3 1 0
leonel/prototype_b/pkg/services/services.go:105.84,109.15 2 1
leonel/prototype_b/pkg/services/services.go:113.2,113.23 1 1
leonel/prototype_b/pkg/services/services.go:109.15,111.3 1 1
leonel/prototype_b/pkg/services/services.go:116.95,120.16 2 1
leonel/prototype_b/pkg/services/services.go:124.2,124.22 1 1
leonel/prototype_b/pkg/services/services.go:120.16,122.3 1 1
leonel/prototype_b/pkg/services/services.go:127.119,131.15 2 1
leonel/prototype_b/pkg/services/services.go:135.2,135.30 1 1
leonel/prototype_b/pkg/services/services.go:131.15,133.3 1 1
leonel/prototype_b/pkg/services/services.go:138.99,142.15 2 1
leonel/prototype_b/pkg/services/services.go:146.2,146.20 1 1
leonel/prototype_b/pkg/services/services.go:142.15,144.3 1 1
leonel/prototype_b/pkg/services/services.go:149.63,153.16 2 1
leonel/prototype_b/pkg/services/services.go:157.2,157.12 1 1
leonel/prototype_b/pkg/services/services.go:153.16,155.3 1 1
leonel/prototype_b/pkg/services/services.go:160.57,164.16 2 1
leonel/prototype_b/pkg/services/services.go:168.2,168.19 1 1
leonel/prototype_b/pkg/services/services.go:164.16,166.3 1 1
